2025-04-09 23:45:19,310 - FileOrganizer - INFO - 开始整理文件: 源目录 '/Volumes/加速阵列/天翼云盘' -> 目标目录 '/tmp/output'
2025-04-09 23:45:19,310 - FileOrganizer - INFO - 模式: 模拟运行
2025-04-09 23:45:19,310 - FileOrganizer - INFO - 正在扫描文件...
2025-04-09 23:45:20,073 - FileOrganizer - INFO - 共发现 2349 个文件
2025-04-09 23:45:20,073 - FileOrganizer - INFO - 正在检测重复文件...
2025-04-09 23:45:20,736 - FileOrganizer - INFO - 发现 5 组重复文件
2025-04-09 23:45:20,737 - FileOrganizer - INFO - 发现重复文件组: ['/Volumes/加速阵列/天翼云盘/OXF-AN00相册/Camera/2020年8月/IMG_3881.HEIC.JPG(1).jpg', '/Volumes/加速阵列/天翼云盘/OXF-AN00相册/Camera/2020年8月/IMG_3881.HEIC.JPG.jpg']
2025-04-09 23:45:20,737 - FileOrganizer - INFO - 自动保留: /Volumes/加速阵列/天翼云盘/OXF-AN00相册/Camera/2020年8月/IMG_3881.HEIC.JPG(1).jpg
2025-04-09 23:45:20,737 - FileOrganizer - INFO - 发现重复文件组: ['/Volumes/加速阵列/天翼云盘/OXF-AN00相册/Camera/2022年07月/2022-07-23 162311(20220808002940).livp', '/Volumes/加速阵列/天翼云盘/OXF-AN00相册/Camera/2022年07月/2022-07-23 162311.livp']
2025-04-09 23:45:20,737 - FileOrganizer - INFO - 自动保留: /Volumes/加速阵列/天翼云盘/OXF-AN00相册/Camera/2022年07月/2022-07-23 162311(20220808002940).livp
2025-04-09 23:45:20,737 - FileOrganizer - INFO - 发现重复文件组: ['/Volumes/加速阵列/天翼云盘/OXF-AN00相册/Camera/2022年07月/2022-07-23 162413(20220808002938).livp', '/Volumes/加速阵列/天翼云盘/OXF-AN00相册/Camera/2022年07月/2022-07-23 162413.livp']
2025-04-09 23:45:20,737 - FileOrganizer - INFO - 自动保留: /Volumes/加速阵列/天翼云盘/OXF-AN00相册/Camera/2022年07月/2022-07-23 162413(20220808002938).livp
2025-04-09 23:45:20,737 - FileOrganizer - INFO - 发现重复文件组: ['/Volumes/加速阵列/天翼云盘/OXF-AN00相册/Pictures/2020年10月/share (74).jpg', '/Volumes/加速阵列/天翼云盘/OXF-AN00相册/Pictures/2020年10月/share (75).jpg']
2025-04-09 23:45:20,737 - FileOrganizer - INFO - 自动保留: /Volumes/加速阵列/天翼云盘/OXF-AN00相册/Pictures/2020年10月/share (74).jpg
2025-04-09 23:45:20,737 - FileOrganizer - INFO - 发现重复文件组: ['/Volumes/加速阵列/天翼云盘/OXF-AN00相册/Pictures/2020年10月/share (77).jpg', '/Volumes/加速阵列/天翼云盘/OXF-AN00相册/Pictures/2020年10月/share (78).jpg']
2025-04-09 23:45:20,738 - FileOrganizer - INFO - 自动保留: /Volumes/加速阵列/天翼云盘/OXF-AN00相册/Pictures/2020年10月/share (77).jpg
2025-04-09 23:45:20,738 - FileOrganizer - INFO - 开始分批处理文件...
2025-04-09 23:45:20,738 - FileOrganizer - INFO - 处理批次 1/24 (100 个文件)
2025-04-09 23:45:20,740 - FileOrganizer - INFO - 批次间休息 1.0 秒...
2025-04-09 23:45:21,742 - FileOrganizer - INFO - 处理批次 2/24 (100 个文件)
2025-04-09 23:45:21,748 - FileOrganizer - INFO - 批次间休息 1.0 秒...
2025-04-09 23:45:22,749 - FileOrganizer - INFO - 处理批次 3/24 (100 个文件)
2025-04-09 23:45:22,756 - FileOrganizer - INFO - 批次间休息 1.0 秒...
2025-04-09 23:45:23,761 - FileOrganizer - INFO - 处理批次 4/24 (100 个文件)
2025-04-09 23:45:23,771 - FileOrganizer - INFO - 批次间休息 1.0 秒...
2025-04-09 23:45:24,775 - FileOrganizer - INFO - 处理批次 5/24 (100 个文件)
2025-04-09 23:45:24,780 - FileOrganizer - INFO - 批次间休息 1.0 秒...
2025-04-09 23:45:25,783 - FileOrganizer - INFO - 处理批次 6/24 (100 个文件)
2025-04-09 23:45:25,786 - FileOrganizer - INFO - 批次间休息 1.0 秒...
2025-04-09 23:45:26,791 - FileOrganizer - INFO - 处理批次 7/24 (100 个文件)
2025-04-09 23:45:26,794 - FileOrganizer - INFO - 批次间休息 1.0 秒...
2025-04-09 23:45:27,800 - FileOrganizer - INFO - 处理批次 8/24 (100 个文件)
2025-04-09 23:45:27,809 - FileOrganizer - INFO - 批次间休息 1.0 秒...
2025-04-09 23:45:28,811 - FileOrganizer - INFO - 处理批次 9/24 (100 个文件)
2025-04-09 23:45:28,819 - FileOrganizer - INFO - 批次间休息 1.0 秒...
2025-04-09 23:45:29,825 - FileOrganizer - INFO - 处理批次 10/24 (100 个文件)
2025-04-09 23:45:29,832 - FileOrganizer - INFO - 批次间休息 1.0 秒...
2025-04-09 23:45:30,837 - FileOrganizer - INFO - 处理批次 11/24 (100 个文件)
2025-04-09 23:45:30,847 - FileOrganizer - INFO - 批次间休息 1.0 秒...
2025-04-09 23:45:31,849 - FileOrganizer - INFO - 处理批次 12/24 (100 个文件)
2025-04-09 23:45:31,853 - FileOrganizer - INFO - 批次间休息 1.0 秒...
2025-04-09 23:45:32,859 - FileOrganizer - INFO - 处理批次 13/24 (100 个文件)
2025-04-09 23:45:32,867 - FileOrganizer - INFO - 批次间休息 1.0 秒...
2025-04-09 23:45:33,867 - FileOrganizer - INFO - 处理批次 14/24 (100 个文件)
2025-04-09 23:45:33,877 - FileOrganizer - INFO - 批次间休息 1.0 秒...
2025-04-09 23:45:34,881 - FileOrganizer - INFO - 处理批次 15/24 (100 个文件)
2025-04-09 23:45:34,888 - FileOrganizer - INFO - 批次间休息 1.0 秒...
2025-04-09 23:45:35,891 - FileOrganizer - INFO - 处理批次 16/24 (100 个文件)
2025-04-09 23:45:35,897 - FileOrganizer - INFO - 批次间休息 1.0 秒...
2025-04-09 23:45:36,899 - FileOrganizer - INFO - 处理批次 17/24 (100 个文件)
2025-04-09 23:45:36,902 - FileOrganizer - INFO - 批次间休息 1.0 秒...
2025-04-09 23:45:37,904 - FileOrganizer - INFO - 处理批次 18/24 (100 个文件)
2025-04-09 23:45:37,906 - FileOrganizer - INFO - 批次间休息 1.0 秒...
2025-04-09 23:45:38,906 - FileOrganizer - INFO - 处理批次 19/24 (100 个文件)
2025-04-09 23:45:38,911 - FileOrganizer - INFO - 批次间休息 1.0 秒...
2025-04-09 23:45:39,916 - FileOrganizer - INFO - 处理批次 20/24 (100 个文件)
2025-04-09 23:45:39,924 - FileOrganizer - INFO - 批次间休息 1.0 秒...
2025-04-09 23:45:40,929 - FileOrganizer - INFO - 处理批次 21/24 (100 个文件)
2025-04-09 23:45:40,936 - FileOrganizer - INFO - 批次间休息 1.0 秒...
2025-04-09 23:45:41,937 - FileOrganizer - INFO - 处理批次 22/24 (100 个文件)
2025-04-09 23:45:41,947 - FileOrganizer - INFO - 批次间休息 1.0 秒...
2025-04-09 23:45:42,951 - FileOrganizer - INFO - 处理批次 23/24 (100 个文件)
2025-04-09 23:45:42,957 - FileOrganizer - INFO - 批次间休息 1.0 秒...
2025-04-09 23:45:43,962 - FileOrganizer - INFO - 处理批次 24/24 (44 个文件)
2025-04-09 23:45:43,968 - FileOrganizer - INFO - 
==================================================
2025-04-09 23:45:43,968 - FileOrganizer - INFO - 文件整理完成! 统计信息:
2025-04-09 23:45:43,968 - FileOrganizer - INFO - 总文件数: 2349
2025-04-09 23:45:43,968 - FileOrganizer - INFO - 已处理文件: 2344
2025-04-09 23:45:43,968 - FileOrganizer - INFO - 已移动文件: 0
2025-04-09 23:45:43,968 - FileOrganizer - INFO - 重复文件: 5
2025-04-09 23:45:43,968 - FileOrganizer - INFO - 无法识别的文件: 0
2025-04-09 23:45:43,968 - FileOrganizer - INFO - 处理出错的文件: 0
2025-04-09 23:45:43,968 - FileOrganizer - INFO - ==================================================
2025-04-10 01:37:08,509 - FileOrganizer - INFO - 正在扫描文件...
